<?xml version="1.0" encoding="UTF-8" ?>
<testsuites disabled="0" errors="0" failures="0" tests="4" time="0.053">
 <testsuite name="arrayOperations" timestamp="2022-12-12T14:23:37" hostname="localhost" time="0.027" errors="0" tests="0" skipped="0" disabled="0" failures="0">
 </testsuite>
 <testsuite name="arrayOperations.step1" timestamp="2022-12-12T14:23:37" hostname="localhost" time="0.009" errors="0" tests="1" skipped="0" disabled="0" failures="0">
  <testcase classname="arrayOperations.step1" name="should multiply each element by 2" time="0.004" />
 </testsuite>
 <testsuite name="arrayOperations.step2" timestamp="2022-12-12T14:23:37" hostname="localhost" time="0.01" errors="0" tests="1" skipped="0" disabled="0" failures="0">
  <testcase classname="arrayOperations.step2" name="should capitalize each other word" time="0.007" />
 </testsuite>
 <testsuite name="arrayOperations.step3" timestamp="2022-12-12T14:23:37" hostname="localhost" time="0.004" errors="0" tests="1" skipped="0" disabled="0" failures="0">
  <testcase classname="arrayOperations.step3" name="should remove negative numbers" time="0.001" />
 </testsuite>
 <testsuite name="arrayOperations.step4" timestamp="2022-12-12T14:23:37" hostname="localhost" time="0.003" errors="0" tests="1" skipped="0" disabled="0" failures="0">
  <testcase classname="arrayOperations.step4" name="should find the largest number in the array" time="0.002" />
 </testsuite>
</testsuites>