<?xml version="1.0" encoding="UTF-8" ?>
<testsuites disabled="0" errors="0" failures="0" tests="2" time="0.19">
 <testsuite name="basic-server" timestamp="2022-12-12T15:04:32" hostname="localhost" time="0.19" errors="0" tests="2" skipped="0" disabled="0" failures="0">
  <testcase classname="basic-server" name="responds to /" time="0.173" />
  <testcase classname="basic-server" name="response contains testText.txt contents" time="0.01" />
 </testsuite>
</testsuites>